<?xml version="1.0" encoding="UTF-8"?>
<!-- Generated by org.testng.reporters.JUnitReportReporter -->
<testsuite hostname="Asriths-MacBook-Air.local" failures="0" tests="2" name="APITEST.ApiGet" time="2.178" errors="0" timestamp="2024-06-05T15:34:55 IST" skipped="0">
  <testcase classname="APITEST.ApiGet" name="ForSpecipicUser" time="1.367"/>
  <testcase classname="APITEST.ApiGet" name="GetApi" time="0.811"/>
</testsuite> <!-- APITEST.ApiGet -->
