<?xml version="1.0" encoding="UTF-8"?>
<!-- Generated by org.testng.reporters.JUnitReportReporter -->
<testsuite hostname="Asriths-MacBook-Air.local" failures="0" tests="6" name="MSPlaywright.PWBasic.KvkAppsLogin" time="145.157" errors="0" timestamp="2024-05-31T14:30:53 IST" skipped="0">
  <testcase classname="MSPlaywright.PWBasic.KvkAppsLogin" name="FailedLoginwithUnregisteredUsername" time="17.424"/>
  <testcase classname="MSPlaywright.PWBasic.KvkAppsLogin" name="testInvalidLoginWithOnlyPasswordFilled" time="13.284"/>
  <testcase classname="MSPlaywright.PWBasic.KvkAppsLogin" name="testSuccessfulLoginAndLogout" time="50.484"/>
  <testcase classname="MSPlaywright.PWBasic.KvkAppsLogin" name="testSuccessfulLogin" time="38.279"/>
  <testcase classname="MSPlaywright.PWBasic.KvkAppsLogin" name="testInvalidLoginWithOnlyUsernameFilled" time="13.083"/>
  <testcase classname="MSPlaywright.PWBasic.KvkAppsLogin" name="testFailedLoginWithIncorrectPassword" time="12.603"/>
</testsuite> <!-- MSPlaywright.PWBasic.KvkAppsLogin -->
